[debug] [2022-08-22T18:03:30.094Z] ----------------------------------------------------------------------
[debug] [2022-08-22T18:03:30.097Z] Command:       C:\Program Files\nodejs\node.exe C:\Users\Isai CL\AppData\Roaming\npm\node_modules\firebase-tools\lib\bin\firebase.js init
[debug] [2022-08-22T18:03:30.099Z] CLI Version:   11.7.0
[debug] [2022-08-22T18:03:30.099Z] Platform:      win32
[debug] [2022-08-22T18:03:30.099Z] Node Version:  v16.13.2
[debug] [2022-08-22T18:03:30.101Z] Time:          Mon Aug 22 2022 13:03:30 GMT-0500 (hora estándar oriental)
[debug] [2022-08-22T18:03:30.102Z] ----------------------------------------------------------------------
[debug] 
[debug] [2022-08-22T18:03:30.116Z] > command requires scopes: ["email","openid","https://www.googleapis.com/auth/cloudplatformprojects.readonly","https://www.googleapis.com/auth/firebase","https://www.googleapis.com/auth/cloud-platform"]
[debug] [2022-08-22T18:03:30.116Z] > authorizing via signed-in user (2005034@utrivieramaya.edu.mx)
[info] 
     ######## #### ########  ######## ########     ###     ######  ########
     ##        ##  ##     ## ##       ##     ##  ##   ##  ##       ##
     ######    ##  ########  ######   ########  #########  ######  ######
     ##        ##  ##    ##  ##       ##     ## ##     ##       ## ##
     ##       #### ##     ## ######## ########  ##     ##  ######  ########

You're about to initialize a Firebase project in this directory:

  C:\ProyectosReact\lorase

Before we get started, keep in mind:

  * You are currently outside your home directory

[info] 
=== Project Setup
[info] 
[info] First, let's associate this project directory with a Firebase project.
[info] You can create multiple project aliases by running firebase use --add, 
[info] but for now we'll just set up a default project.
[info] 
[debug] [2022-08-22T18:08:01.351Z] >>> [apiv2][query] GET https://firebase.googleapis.com/v1beta1/projects pageSize=100
[debug] [2022-08-22T18:08:02.470Z] <<< [apiv2][status] GET https://firebase.googleapis.com/v1beta1/projects 200
[debug] [2022-08-22T18:08:02.471Z] <<< [apiv2][body] GET https://firebase.googleapis.com/v1beta1/projects [omitted]
[info] i  Using project react-deploy-b77e7 (react-deploy) 
[info] 
=== Hosting Setup
[info] 
[info] Your public directory is the folder (relative to your project directory) that
[info] will contain Hosting assets to be uploaded with firebase deploy. If you
[info] have a build process for your assets, use your build's output directory.
[info] 
[debug] [2022-08-22T18:09:20.520Z] >>> [apiv2][query] GET https://www.gstatic.com/firebasejs/releases.json [none]
[debug] [2022-08-22T18:09:20.962Z] <<< [apiv2][status] GET https://www.gstatic.com/firebasejs/releases.json 200
[debug] [2022-08-22T18:09:20.963Z] <<< [apiv2][body] GET https://www.gstatic.com/firebasejs/releases.json {"current":{"version":"9.9.3","browserURL":"https://www.gstatic.com/firebasejs/9.9.3/firebase.js","packageURL":"https://www.gstatic.com/firebasejs/9.9.3/firebase.tgz"},"live":{"version":"9.9","browserURL":"https://www.gstatic.com/firebasejs/live/9.9/firebase.js","packageURL":"https://www.gstatic.com/firebasejs/live/9.9/firebase.tgz"},"components":{"analytics":"https://www.gstatic.com/firebasejs/9.9.3/firebase-analytics.js","app":"https://www.gstatic.com/firebasejs/9.9.3/firebase-app.js","app-check":"https://www.gstatic.com/firebasejs/9.9.3/firebase-app-check.js","auth":"https://www.gstatic.com/firebasejs/9.9.3/firebase-auth.js","auth/cordova":"https://www.gstatic.com/firebasejs/9.9.3/firebase-auth/cordova.js","auth/react-native":"https://www.gstatic.com/firebasejs/9.9.3/firebase-auth/react-native.js","functions":"https://www.gstatic.com/firebasejs/9.9.3/firebase-functions.js","firestore":"https://www.gstatic.com/firebasejs/9.9.3/firebase-firestore.js","firestore/lite":"https://www.gstatic.com/firebasejs/9.9.3/firebase-firestore/lite.js","installations":"https://www.gstatic.com/firebasejs/9.9.3/firebase-installations.js","storage":"https://www.gstatic.com/firebasejs/9.9.3/firebase-storage.js","performance":"https://www.gstatic.com/firebasejs/9.9.3/firebase-performance.js","remote-config":"https://www.gstatic.com/firebasejs/9.9.3/firebase-remote-config.js","messaging":"https://www.gstatic.com/firebasejs/9.9.3/firebase-messaging.js","messaging/sw":"https://www.gstatic.com/firebasejs/9.9.3/firebase-messaging/sw.js","database":"https://www.gstatic.com/firebasejs/9.9.3/firebase-database.js","firestore.memory":"https://www.gstatic.com/firebasejs/9.9.3/firebase-firestore.memory.js"}}
[info] +  Wrote dist/index.html 
[info] 
[info] i  Detected a .git folder at C:\ProyectosReact\lorase 
[info] i  Authorizing with GitHub to upload your service account to a GitHub repository's secrets store. 
[info] 
[info] Visit this URL on this device to log in:
[info] https://github.com/login/oauth/authorize?client_id=89cf50f02ac6aaed3484&state=217778687&redirect_uri=http%3A%2F%2Flocalhost%3A9005&scope=read%3Auser%20repo%20public_repo
[info] 
[info] Waiting for authentication...
[debug] [2022-08-22T18:09:31.362Z] >>> [apiv2][query] POST https://github.com/login/oauth/access_token [none]
[debug] [2022-08-22T18:09:31.362Z] >>> [apiv2][body] POST https://github.com/login/oauth/access_token [stream]
[debug] [2022-08-22T18:09:31.917Z] <<< [apiv2][status] POST https://github.com/login/oauth/access_token 200
[debug] [2022-08-22T18:09:31.918Z] <<< [apiv2][body] POST https://github.com/login/oauth/access_token {"access_token":"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","token_type":"bearer","scope":"read:user,repo"}
[debug] [2022-08-22T18:09:31.930Z] >>> [apiv2][query] GET https://api.github.com/user [none]
[debug] [2022-08-22T18:09:35.265Z] <<< [apiv2][status] GET https://api.github.com/user 200
[debug] [2022-08-22T18:09:35.266Z] <<< [apiv2][body] GET https://api.github.com/user {"login":"IsaiCL","id":90685460,"node_id":"MDQ6VXNlcjkwNjg1NDYw","avatar_url":"https://avatars.githubusercontent.com/u/90685460?v=4","gravatar_id":"","url":"https://api.github.com/users/IsaiCL","html_url":"https://github.com/IsaiCL","followers_url":"https://api.github.com/users/IsaiCL/followers","following_url":"https://api.github.com/users/IsaiCL/following{/other_user}","gists_url":"https://api.github.com/users/IsaiCL/gists{/gist_id}","starred_url":"https://api.github.com/users/IsaiCL/starred{/owner}{/repo}","subscriptions_url":"https://api.github.com/users/IsaiCL/subscriptions","organizations_url":"https://api.github.com/users/IsaiCL/orgs","repos_url":"https://api.github.com/users/IsaiCL/repos","events_url":"https://api.github.com/users/IsaiCL/events{/privacy}","received_events_url":"https://api.github.com/users/IsaiCL/received_events","type":"User","site_admin":false,"name":null,"company":null,"blog":"","location":null,"email":null,"hireable":null,"bio":null,"twitter_username":null,"public_repos":11,"public_gists":0,"followers":1,"following":1,"created_at":"2021-09-14T08:57:57Z","updated_at":"2022-08-14T14:15:32Z","private_gists":0,"total_private_repos":7,"owned_private_repos":7,"disk_usage":31787,"collaborators":2,"two_factor_authentication":false,"plan":{"name":"pro","space":976562499,"collaborators":0,"private_repos":9999}}
[info] 
[info] +  Success! Logged into GitHub as IsaiCL 
[info] 
